[0m17:24:32.882319 [debug] [MainThread]: Sending event: {'category': 'dbt', 'action': 'invocation', 'label': 'start', 'context': [<snowplow_tracker.self_describing_json.SelfDescribingJson object at 0x0000022116B23370>, <snowplow_tracker.self_describing_json.SelfDescribingJson object at 0x0000022119567550>, <snowplow_tracker.self_describing_json.SelfDescribingJson object at 0x0000022119566200>]}


============================== 17:24:32.888318 | 6e90b69e-9420-49dc-8317-7dbf452012ec ==============================
[0m17:24:32.888318 [info ] [MainThread]: Running with dbt=1.7.9
[0m17:24:32.889319 [debug] [MainThread]: running dbt with arguments {'printer_width': '80', 'indirect_selection': 'eager', 'log_cache_events': 'False', 'write_json': 'True', 'partial_parse': 'True', 'cache_selected_only': 'False', 'warn_error': 'None', 'version_check': 'True', 'fail_fast': 'False', 'log_path': 'logs', 'debug': 'False', 'profiles_dir': 'C:\\Users\\SumitKumar\\.dbt', 'use_colors': 'True', 'use_experimental_parser': 'False', 'no_print': 'None', 'quiet': 'False', 'warn_error_options': 'WarnErrorOptions(include=[], exclude=[])', 'invocation_command': 'dbt init project', 'log_format': 'default', 'introspect': 'True', 'target_path': 'None', 'static_parser': 'True', 'send_anonymous_usage_stats': 'True'}
[0m17:24:32.894318 [debug] [MainThread]: Starter project path: C:\Users\SumitKumar\AppData\Local\Programs\Python\Python310\lib\site-packages\dbt\include\starter_project
[0m17:24:32.962317 [info ] [MainThread]: 
Your new dbt project "project" was created!

For more information on how to configure the profiles.yml file,
please consult the dbt documentation here:

  https://docs.getdbt.com/docs/configure-your-profile

One more thing:

Need help? Don't hesitate to reach out to us via GitHub issues or on Slack:

  https://community.getdbt.com/

Happy modeling!

[0m17:24:32.964319 [info ] [MainThread]: Setting up your profile.
[0m17:27:57.979596 [info ] [MainThread]: Profile project written to C:\Users\SumitKumar\.dbt\profiles.yml using target's profile_template.yml and your supplied values. Run 'dbt debug' to validate the connection.
[0m17:27:57.982602 [debug] [MainThread]: Command `dbt init` succeeded at 17:27:57.982602 after 205.20 seconds
[0m17:27:57.983603 [debug] [MainThread]: Sending event: {'category': 'dbt', 'action': 'invocation', 'label': 'end', 'context': [<snowplow_tracker.self_describing_json.SelfDescribingJson object at 0x0000022116B23370>, <snowplow_tracker.self_describing_json.SelfDescribingJson object at 0x0000022119567760>, <snowplow_tracker.self_describing_json.SelfDescribingJson object at 0x0000022119564D90>]}
[0m17:27:57.984602 [debug] [MainThread]: Flushing usage events
[0m17:31:43.990138 [debug] [MainThread]: Sending event: {'category': 'dbt', 'action': 'invocation', 'label': 'start', 'context': [<snowplow_tracker.self_describing_json.SelfDescribingJson object at 0x0000022E5D133370>, <snowplow_tracker.self_describing_json.SelfDescribingJson object at 0x0000022E5FB7B520>, <snowplow_tracker.self_describing_json.SelfDescribingJson object at 0x0000022E5FB7A5C0>]}


============================== 17:31:43.994138 | 549ff40d-00d1-4b39-a83a-0ede717a2553 ==============================
[0m17:31:43.994138 [info ] [MainThread]: Running with dbt=1.7.9
[0m17:31:43.995126 [debug] [MainThread]: running dbt with arguments {'printer_width': '80', 'indirect_selection': 'eager', 'log_cache_events': 'False', 'write_json': 'True', 'partial_parse': 'True', 'cache_selected_only': 'False', 'profiles_dir': 'C:\\Users\\SumitKumar\\.dbt', 'debug': 'False', 'warn_error': 'None', 'log_path': 'logs', 'fail_fast': 'False', 'version_check': 'True', 'use_colors': 'True', 'use_experimental_parser': 'False', 'no_print': 'None', 'quiet': 'False', 'log_format': 'default', 'static_parser': 'True', 'invocation_command': 'dbt debug', 'introspect': 'True', 'target_path': 'None', 'warn_error_options': 'WarnErrorOptions(include=[], exclude=[])', 'send_anonymous_usage_stats': 'True'}
[0m17:31:43.996127 [info ] [MainThread]: dbt version: 1.7.9
[0m17:31:43.997127 [info ] [MainThread]: python version: 3.10.6
[0m17:31:43.998127 [info ] [MainThread]: python path: C:\Users\SumitKumar\AppData\Local\Programs\Python\Python310\python.exe
[0m17:31:43.999128 [info ] [MainThread]: os info: Windows-10-10.0.19045-SP0
[0m17:31:45.186590 [info ] [MainThread]: Using profiles dir at C:\Users\SumitKumar\.dbt
[0m17:31:45.187557 [info ] [MainThread]: Using profiles.yml file at C:\Users\SumitKumar\.dbt\profiles.yml
[0m17:31:45.188556 [info ] [MainThread]: Using dbt_project.yml file at C:\Users\SumitKumar\Desktop\DBT\dbt_project.yml
[0m17:31:45.189378 [error] [MainThread]: Encountered an error:
Internal Error
  Profile should not be None if loading profile completed
[0m17:31:45.191388 [debug] [MainThread]: Command `dbt debug` failed at 17:31:45.191388 after 1.28 seconds
[0m17:31:45.192403 [debug] [MainThread]: Sending event: {'category': 'dbt', 'action': 'invocation', 'label': 'end', 'context': [<snowplow_tracker.self_describing_json.SelfDescribingJson object at 0x0000022E5D133370>, <snowplow_tracker.self_describing_json.SelfDescribingJson object at 0x0000022E6002FAC0>, <snowplow_tracker.self_describing_json.SelfDescribingJson object at 0x0000022E5FB3B820>]}
[0m17:31:45.193403 [debug] [MainThread]: Flushing usage events
[0m09:41:53.995323 [debug] [MainThread]: Sending event: {'category': 'dbt', 'action': 'invocation', 'label': 'start', 'context': [<snowplow_tracker.self_describing_json.SelfDescribingJson object at 0x00000199A6753370>, <snowplow_tracker.self_describing_json.SelfDescribingJson object at 0x00000199A919B4C0>, <snowplow_tracker.self_describing_json.SelfDescribingJson object at 0x00000199A919A860>]}


============================== 09:41:54.002312 | 91f9064a-ce83-42ab-b09a-11162320b90d ==============================
[0m09:41:54.002312 [info ] [MainThread]: Running with dbt=1.7.9
[0m09:41:54.004111 [debug] [MainThread]: running dbt with arguments {'printer_width': '80', 'indirect_selection': 'eager', 'log_cache_events': 'False', 'write_json': 'True', 'partial_parse': 'True', 'cache_selected_only': 'False', 'warn_error': 'None', 'fail_fast': 'False', 'version_check': 'True', 'log_path': 'logs', 'profiles_dir': 'C:\\Users\\SumitKumar\\.dbt', 'debug': 'False', 'use_colors': 'True', 'use_experimental_parser': 'False', 'no_print': 'None', 'quiet': 'False', 'warn_error_options': 'WarnErrorOptions(include=[], exclude=[])', 'static_parser': 'True', 'log_format': 'default', 'invocation_command': 'dbt debug', 'target_path': 'None', 'introspect': 'True', 'send_anonymous_usage_stats': 'True'}
[0m09:41:54.005115 [info ] [MainThread]: dbt version: 1.7.9
[0m09:41:54.006095 [info ] [MainThread]: python version: 3.10.6
[0m09:41:54.006095 [info ] [MainThread]: python path: C:\Users\SumitKumar\AppData\Local\Programs\Python\Python310\python.exe
[0m09:41:54.007417 [info ] [MainThread]: os info: Windows-10-10.0.19045-SP0
[0m09:41:57.609533 [info ] [MainThread]: Using profiles dir at C:\Users\SumitKumar\.dbt
[0m09:41:57.610533 [info ] [MainThread]: Using profiles.yml file at C:\Users\SumitKumar\.dbt\profiles.yml
[0m09:41:57.611534 [info ] [MainThread]: Using dbt_project.yml file at C:\Users\SumitKumar\Desktop\DBT\dbt_project.yml
[0m09:41:57.612533 [error] [MainThread]: Encountered an error:
Internal Error
  Profile should not be None if loading profile completed
[0m09:41:57.615533 [debug] [MainThread]: Command `dbt debug` failed at 09:41:57.615533 after 3.72 seconds
[0m09:41:57.616533 [debug] [MainThread]: Sending event: {'category': 'dbt', 'action': 'invocation', 'label': 'end', 'context': [<snowplow_tracker.self_describing_json.SelfDescribingJson object at 0x00000199A6753370>, <snowplow_tracker.self_describing_json.SelfDescribingJson object at 0x00000199A964F340>, <snowplow_tracker.self_describing_json.SelfDescribingJson object at 0x00000199B9A759C0>]}
[0m09:41:57.616533 [debug] [MainThread]: Flushing usage events
[0m15:35:29.712213 [debug] [MainThread]: Sending event: {'category': 'dbt', 'action': 'invocation', 'label': 'start', 'context': [<snowplow_tracker.self_describing_json.SelfDescribingJson object at 0x0000023EB4AF3370>, <snowplow_tracker.self_describing_json.SelfDescribingJson object at 0x0000023EB754F5E0>, <snowplow_tracker.self_describing_json.SelfDescribingJson object at 0x0000023EB754C370>]}


============================== 15:35:29.727827 | 094b7483-2b94-449a-9c01-61e49d416170 ==============================
[0m15:35:29.727827 [info ] [MainThread]: Running with dbt=1.7.9
[0m15:35:29.727827 [debug] [MainThread]: running dbt with arguments {'printer_width': '80', 'indirect_selection': 'eager', 'write_json': 'True', 'log_cache_events': 'False', 'partial_parse': 'True', 'cache_selected_only': 'False', 'profiles_dir': 'C:\\Users\\SumitKumar\\.dbt', 'debug': 'False', 'warn_error': 'None', 'log_path': 'logs', 'fail_fast': 'False', 'version_check': 'True', 'use_colors': 'True', 'use_experimental_parser': 'False', 'no_print': 'None', 'quiet': 'False', 'log_format': 'default', 'static_parser': 'True', 'introspect': 'True', 'warn_error_options': 'WarnErrorOptions(include=[], exclude=[])', 'target_path': 'None', 'invocation_command': 'dbt run', 'send_anonymous_usage_stats': 'True'}
[0m15:35:29.727827 [error] [MainThread]: Encountered an error:
Runtime Error
  No dbt_project.yml found at expected path C:\Users\SumitKumar\Desktop\DBT\dbt_project.yml
  Verify that each entry within packages.yml (and their transitive dependencies) contains a file named dbt_project.yml
  
[0m15:35:29.727827 [debug] [MainThread]: Command `dbt run` failed at 15:35:29.727827 after 0.11 seconds
[0m15:35:29.727827 [debug] [MainThread]: Sending event: {'category': 'dbt', 'action': 'invocation', 'label': 'end', 'context': [<snowplow_tracker.self_describing_json.SelfDescribingJson object at 0x0000023EB4AF3370>, <snowplow_tracker.self_describing_json.SelfDescribingJson object at 0x0000023EB754D6C0>, <snowplow_tracker.self_describing_json.SelfDescribingJson object at 0x0000023EB754F0A0>]}
[0m15:35:29.727827 [debug] [MainThread]: Flushing usage events
